<?xml version="1.0" encoding="UTF-8"?>
<!-- Generated by org.testng.reporters.JUnitReportReporter -->
<testsuite name="com.vTiger.testScripts.LoginTest" tests="1" time="2.246" ignored="0" failures="0" timestamp="29 Jan 2020 08:52:27 GMT" skipped="0" hostname="TYSS-ELF-Manjunath" errors="0">
  <testcase name="loginTest" time="2.246" classname="com.vTiger.testScripts.LoginTest"/>
</testsuite> <!-- com.vTiger.testScripts.LoginTest -->
