<?xml version="1.0" encoding="UTF-8"?>
<!-- Generated by org.testng.reporters.JUnitReportReporter -->
<testsuite name="com.vTiger.testScripts.CreateProduct" tests="1" time="5.734" ignored="0" failures="0" timestamp="29 Jan 2020 09:07:00 GMT" skipped="0" hostname="TYSS-ELF-Manjunath" errors="0">
  <testcase name="createProductTest" time="5.734" classname="com.vTiger.testScripts.CreateProduct"/>
</testsuite> <!-- com.vTiger.testScripts.CreateProduct -->
