<?xml version="1.0" encoding="UTF-8"?>
<!-- Generated by org.testng.reporters.JUnitReportReporter -->
<testsuite name="com.vTiger.testScripts.CreateProductTest" tests="1" time="10.102" ignored="0" failures="0" timestamp="29 Jan 2020 11:23:21 GMT" skipped="0" hostname="TYSS-ELF-Manjunath" errors="0">
  <testcase name="createProductTest" time="10.102" classname="com.vTiger.testScripts.CreateProductTest"/>
</testsuite> <!-- com.vTiger.testScripts.CreateProductTest -->
